  main.c
C:\Users\Ilya\Desktop\C_projects\OpenGl(StaticGraphics)\OpenGl(StaticGraphics)\main.c(8,19): warning C4305: функция: усечение из "double" в "GLfloat"
C:\Users\Ilya\Desktop\C_projects\OpenGl(StaticGraphics)\OpenGl(StaticGraphics)\main.c(8,24): warning C4305: функция: усечение из "double" в "GLfloat"
C:\Users\Ilya\Desktop\C_projects\OpenGl(StaticGraphics)\OpenGl(StaticGraphics)\main.c(8,31): warning C4305: функция: усечение из "double" в "GLfloat"
C:\Users\Ilya\Desktop\C_projects\OpenGl(StaticGraphics)\OpenGl(StaticGraphics)\main.c(20,19): warning C4305: функция: усечение из "double" в "GLfloat"
C:\Users\Ilya\Desktop\C_projects\OpenGl(StaticGraphics)\OpenGl(StaticGraphics)\main.c(20,25): warning C4305: функция: усечение из "double" в "GLfloat"
C:\Users\Ilya\Desktop\C_projects\OpenGl(StaticGraphics)\OpenGl(StaticGraphics)\main.c(20,31): warning C4305: функция: усечение из "double" в "GLfloat"
C:\Users\Ilya\Desktop\C_projects\OpenGl(StaticGraphics)\OpenGl(StaticGraphics)\main.c(26,19): warning C4305: функция: усечение из "double" в "GLfloat"
C:\Users\Ilya\Desktop\C_projects\OpenGl(StaticGraphics)\OpenGl(StaticGraphics)\main.c(26,25): warning C4305: функция: усечение из "double" в "GLfloat"
C:\Users\Ilya\Desktop\C_projects\OpenGl(StaticGraphics)\OpenGl(StaticGraphics)\main.c(26,31): warning C4305: функция: усечение из "double" в "GLfloat"
C:\Users\Ilya\Desktop\C_projects\OpenGl(StaticGraphics)\OpenGl(StaticGraphics)\main.c(35,19): warning C4305: функция: усечение из "double" в "GLfloat"
C:\Users\Ilya\Desktop\C_projects\OpenGl(StaticGraphics)\OpenGl(StaticGraphics)\main.c(35,26): warning C4305: функция: усечение из "double" в "GLfloat"
C:\Users\Ilya\Desktop\C_projects\OpenGl(StaticGraphics)\OpenGl(StaticGraphics)\main.c(35,33): warning C4305: функция: усечение из "double" в "GLfloat"
C:\Users\Ilya\Desktop\C_projects\OpenGl(StaticGraphics)\OpenGl(StaticGraphics)\main.c(41,19): warning C4305: функция: усечение из "double" в "GLfloat"
C:\Users\Ilya\Desktop\C_projects\OpenGl(StaticGraphics)\OpenGl(StaticGraphics)\main.c(41,26): warning C4305: функция: усечение из "double" в "GLfloat"
C:\Users\Ilya\Desktop\C_projects\OpenGl(StaticGraphics)\OpenGl(StaticGraphics)\main.c(41,33): warning C4305: функция: усечение из "double" в "GLfloat"
C:\Users\Ilya\Desktop\C_projects\OpenGl(StaticGraphics)\OpenGl(StaticGraphics)\main.c(50,19): warning C4305: функция: усечение из "double" в "GLfloat"
C:\Users\Ilya\Desktop\C_projects\OpenGl(StaticGraphics)\OpenGl(StaticGraphics)\main.c(50,25): warning C4305: функция: усечение из "double" в "GLfloat"
C:\Users\Ilya\Desktop\C_projects\OpenGl(StaticGraphics)\OpenGl(StaticGraphics)\main.c(50,31): warning C4305: функция: усечение из "double" в "GLfloat"
C:\Users\Ilya\Desktop\C_projects\OpenGl(StaticGraphics)\OpenGl(StaticGraphics)\main.c(56,19): warning C4305: функция: усечение из "double" в "GLfloat"
C:\Users\Ilya\Desktop\C_projects\OpenGl(StaticGraphics)\OpenGl(StaticGraphics)\main.c(56,25): warning C4305: функция: усечение из "double" в "GLfloat"
C:\Users\Ilya\Desktop\C_projects\OpenGl(StaticGraphics)\OpenGl(StaticGraphics)\main.c(56,31): warning C4305: функция: усечение из "double" в "GLfloat"
C:\Users\Ilya\Desktop\C_projects\OpenGl(StaticGraphics)\OpenGl(StaticGraphics)\main.c(67,19): warning C4305: функция: усечение из "double" в "GLfloat"
C:\Users\Ilya\Desktop\C_projects\OpenGl(StaticGraphics)\OpenGl(StaticGraphics)\main.c(67,24): warning C4305: функция: усечение из "double" в "GLfloat"
C:\Users\Ilya\Desktop\C_projects\OpenGl(StaticGraphics)\OpenGl(StaticGraphics)\main.c(67,30): warning C4305: функция: усечение из "double" в "GLfloat"
C:\Users\Ilya\Desktop\C_projects\OpenGl(StaticGraphics)\OpenGl(StaticGraphics)\main.c(83,20): warning C4305: функция: усечение из "double" в "GLfloat"
C:\Users\Ilya\Desktop\C_projects\OpenGl(StaticGraphics)\OpenGl(StaticGraphics)\main.c(83,26): warning C4305: функция: усечение из "double" в "GLfloat"
C:\Users\Ilya\Desktop\C_projects\OpenGl(StaticGraphics)\OpenGl(StaticGraphics)\main.c(83,32): warning C4305: функция: усечение из "double" в "GLfloat"
C:\Users\Ilya\Desktop\C_projects\OpenGl(StaticGraphics)\OpenGl(StaticGraphics)\main.c(94,20): warning C4305: функция: усечение из "double" в "GLfloat"
C:\Users\Ilya\Desktop\C_projects\OpenGl(StaticGraphics)\OpenGl(StaticGraphics)\main.c(94,27): warning C4305: функция: усечение из "double" в "GLfloat"
C:\Users\Ilya\Desktop\C_projects\OpenGl(StaticGraphics)\OpenGl(StaticGraphics)\main.c(94,34): warning C4305: функция: усечение из "double" в "GLfloat"
C:\Users\Ilya\Desktop\C_projects\OpenGl(StaticGraphics)\OpenGl(StaticGraphics)\main.c(102,9): warning C4550: вычисление выражения дает функцию, в которой отсутствует список аргументов
C:\Users\Ilya\Desktop\C_projects\OpenGl(StaticGraphics)\OpenGl(StaticGraphics)\main.c(118,25): warning C4305: функция: усечение из "double" в "GLfloat"
C:\Users\Ilya\Desktop\C_projects\OpenGl(StaticGraphics)\OpenGl(StaticGraphics)\main.c(118,32): warning C4305: функция: усечение из "double" в "GLfloat"
C:\Users\Ilya\Desktop\C_projects\OpenGl(StaticGraphics)\OpenGl(StaticGraphics)\main.c(122,23): warning C4305: функция: усечение из "double" в "GLfloat"
C:\Users\Ilya\Desktop\C_projects\OpenGl(StaticGraphics)\OpenGl(StaticGraphics)\main.c(124,23): warning C4305: функция: усечение из "double" в "GLfloat"
C:\Users\Ilya\Desktop\C_projects\OpenGl(StaticGraphics)\OpenGl(StaticGraphics)\main.c(125,23): warning C4305: функция: усечение из "double" в "GLfloat"
C:\Users\Ilya\Desktop\C_projects\OpenGl(StaticGraphics)\OpenGl(StaticGraphics)\main.c(130,21): warning C4305: функция: усечение из "double" в "GLfloat"
C:\Users\Ilya\Desktop\C_projects\OpenGl(StaticGraphics)\OpenGl(StaticGraphics)\main.c(132,21): warning C4305: функция: усечение из "double" в "GLfloat"
C:\Users\Ilya\Desktop\C_projects\OpenGl(StaticGraphics)\OpenGl(StaticGraphics)\main.c(133,23): warning C4305: функция: усечение из "double" в "GLfloat"
C:\Users\Ilya\Desktop\C_projects\OpenGl(StaticGraphics)\OpenGl(StaticGraphics)\main.c(136,23): warning C4305: функция: усечение из "double" в "GLfloat"
C:\Users\Ilya\Desktop\C_projects\OpenGl(StaticGraphics)\OpenGl(StaticGraphics)\main.c(137,21): warning C4305: функция: усечение из "double" в "GLfloat"
C:\Users\Ilya\Desktop\C_projects\OpenGl(StaticGraphics)\OpenGl(StaticGraphics)\main.c(138,21): warning C4305: функция: усечение из "double" в "GLfloat"
C:\Users\Ilya\Desktop\C_projects\OpenGl(StaticGraphics)\OpenGl(StaticGraphics)\main.c(139,23): warning C4305: функция: усечение из "double" в "GLfloat"
C:\Users\Ilya\Desktop\C_projects\OpenGl(StaticGraphics)\OpenGl(StaticGraphics)\main.c(140,23): warning C4305: функция: усечение из "double" в "GLfloat"
C:\Users\Ilya\Desktop\C_projects\OpenGl(StaticGraphics)\OpenGl(StaticGraphics)\main.c(141,21): warning C4305: функция: усечение из "double" в "GLfloat"
C:\Users\Ilya\Desktop\C_projects\OpenGl(StaticGraphics)\OpenGl(StaticGraphics)\main.c(144,20): warning C4305: функция: усечение из "double" в "GLfloat"
C:\Users\Ilya\Desktop\C_projects\OpenGl(StaticGraphics)\OpenGl(StaticGraphics)\main.c(144,25): warning C4305: функция: усечение из "double" в "GLfloat"
C:\Users\Ilya\Desktop\C_projects\OpenGl(StaticGraphics)\OpenGl(StaticGraphics)\main.c(144,32): warning C4305: функция: усечение из "double" в "GLfloat"
C:\Users\Ilya\Desktop\C_projects\OpenGl(StaticGraphics)\OpenGl(StaticGraphics)\main.c(145,23): warning C4305: функция: усечение из "double" в "GLfloat"
C:\Users\Ilya\Desktop\C_projects\OpenGl(StaticGraphics)\OpenGl(StaticGraphics)\main.c(146,21): warning C4305: функция: усечение из "double" в "GLfloat"
C:\Users\Ilya\Desktop\C_projects\OpenGl(StaticGraphics)\OpenGl(StaticGraphics)\main.c(147,21): warning C4305: функция: усечение из "double" в "GLfloat"
C:\Users\Ilya\Desktop\C_projects\OpenGl(StaticGraphics)\OpenGl(StaticGraphics)\main.c(148,23): warning C4305: функция: усечение из "double" в "GLfloat"
C:\Users\Ilya\Desktop\C_projects\OpenGl(StaticGraphics)\OpenGl(StaticGraphics)\main.c(149,23): warning C4305: функция: усечение из "double" в "GLfloat"
C:\Users\Ilya\Desktop\C_projects\OpenGl(StaticGraphics)\OpenGl(StaticGraphics)\main.c(150,21): warning C4305: функция: усечение из "double" в "GLfloat"
C:\Users\Ilya\Desktop\C_projects\OpenGl(StaticGraphics)\OpenGl(StaticGraphics)\main.c(156,20): warning C4305: функция: усечение из "double" в "GLfloat"
C:\Users\Ilya\Desktop\C_projects\OpenGl(StaticGraphics)\OpenGl(StaticGraphics)\main.c(156,27): warning C4305: функция: усечение из "double" в "GLfloat"
C:\Users\Ilya\Desktop\C_projects\OpenGl(StaticGraphics)\OpenGl(StaticGraphics)\main.c(156,34): warning C4305: функция: усечение из "double" в "GLfloat"
C:\Users\Ilya\Desktop\C_projects\OpenGl(StaticGraphics)\OpenGl(StaticGraphics)\main.c(159,23): warning C4305: функция: усечение из "double" в "GLfloat"
C:\Users\Ilya\Desktop\C_projects\OpenGl(StaticGraphics)\OpenGl(StaticGraphics)\main.c(163,20): warning C4305: функция: усечение из "double" в "GLfloat"
C:\Users\Ilya\Desktop\C_projects\OpenGl(StaticGraphics)\OpenGl(StaticGraphics)\main.c(163,25): warning C4305: функция: усечение из "double" в "GLfloat"
C:\Users\Ilya\Desktop\C_projects\OpenGl(StaticGraphics)\OpenGl(StaticGraphics)\main.c(163,32): warning C4305: функция: усечение из "double" в "GLfloat"
C:\Users\Ilya\Desktop\C_projects\OpenGl(StaticGraphics)\OpenGl(StaticGraphics)\main.c(165,23): warning C4305: функция: усечение из "double" в "GLfloat"
C:\Users\Ilya\Desktop\C_projects\OpenGl(StaticGraphics)\OpenGl(StaticGraphics)\main.c(169,23): warning C4305: функция: усечение из "double" в "GLfloat"
C:\Users\Ilya\Desktop\C_projects\OpenGl(StaticGraphics)\OpenGl(StaticGraphics)\main.c(170,23): warning C4305: функция: усечение из "double" в "GLfloat"
C:\Users\Ilya\Desktop\C_projects\OpenGl(StaticGraphics)\OpenGl(StaticGraphics)\main.c(173,19): warning C4305: функция: усечение из "double" в "GLfloat"
C:\Users\Ilya\Desktop\C_projects\OpenGl(StaticGraphics)\OpenGl(StaticGraphics)\main.c(173,25): warning C4305: функция: усечение из "double" в "GLfloat"
C:\Users\Ilya\Desktop\C_projects\OpenGl(StaticGraphics)\OpenGl(StaticGraphics)\main.c(173,32): warning C4305: функция: усечение из "double" в "GLfloat"
C:\Users\Ilya\Desktop\C_projects\OpenGl(StaticGraphics)\OpenGl(StaticGraphics)\main.c(176,24): warning C4305: функция: усечение из "double" в "GLfloat"
C:\Users\Ilya\Desktop\C_projects\OpenGl(StaticGraphics)\OpenGl(StaticGraphics)\main.c(177,24): warning C4305: функция: усечение из "double" в "GLfloat"
C:\Users\Ilya\Desktop\C_projects\OpenGl(StaticGraphics)\OpenGl(StaticGraphics)\main.c(178,24): warning C4305: функция: усечение из "double" в "GLfloat"
C:\Users\Ilya\Desktop\C_projects\OpenGl(StaticGraphics)\OpenGl(StaticGraphics)\main.c(180,24): warning C4305: функция: усечение из "double" в "GLfloat"
C:\Users\Ilya\Desktop\C_projects\OpenGl(StaticGraphics)\OpenGl(StaticGraphics)\main.c(181,24): warning C4305: функция: усечение из "double" в "GLfloat"
C:\Users\Ilya\Desktop\C_projects\OpenGl(StaticGraphics)\OpenGl(StaticGraphics)\main.c(182,24): warning C4305: функция: усечение из "double" в "GLfloat"
C:\Users\Ilya\Desktop\C_projects\OpenGl(StaticGraphics)\OpenGl(StaticGraphics)\main.c(184,22): warning C4305: функция: усечение из "double" в "GLfloat"
C:\Users\Ilya\Desktop\C_projects\OpenGl(StaticGraphics)\OpenGl(StaticGraphics)\main.c(184,30): warning C4305: функция: усечение из "double" в "GLfloat"
C:\Users\Ilya\Desktop\C_projects\OpenGl(StaticGraphics)\OpenGl(StaticGraphics)\main.c(185,22): warning C4305: функция: усечение из "double" в "GLfloat"
C:\Users\Ilya\Desktop\C_projects\OpenGl(StaticGraphics)\OpenGl(StaticGraphics)\main.c(185,30): warning C4305: функция: усечение из "double" в "GLfloat"
C:\Users\Ilya\Desktop\C_projects\OpenGl(StaticGraphics)\OpenGl(StaticGraphics)\main.c(186,21): warning C4305: функция: усечение из "double" в "GLfloat"
C:\Users\Ilya\Desktop\C_projects\OpenGl(StaticGraphics)\OpenGl(StaticGraphics)\main.c(186,29): warning C4305: функция: усечение из "double" в "GLfloat"
C:\Users\Ilya\Desktop\C_projects\OpenGl(StaticGraphics)\OpenGl(StaticGraphics)\main.c(188,22): warning C4305: функция: усечение из "double" в "GLfloat"
C:\Users\Ilya\Desktop\C_projects\OpenGl(StaticGraphics)\OpenGl(StaticGraphics)\main.c(188,30): warning C4305: функция: усечение из "double" в "GLfloat"
C:\Users\Ilya\Desktop\C_projects\OpenGl(StaticGraphics)\OpenGl(StaticGraphics)\main.c(189,21): warning C4305: функция: усечение из "double" в "GLfloat"
C:\Users\Ilya\Desktop\C_projects\OpenGl(StaticGraphics)\OpenGl(StaticGraphics)\main.c(189,28): warning C4305: функция: усечение из "double" в "GLfloat"
C:\Users\Ilya\Desktop\C_projects\OpenGl(StaticGraphics)\OpenGl(StaticGraphics)\main.c(190,21): warning C4305: функция: усечение из "double" в "GLfloat"
C:\Users\Ilya\Desktop\C_projects\OpenGl(StaticGraphics)\OpenGl(StaticGraphics)\main.c(190,28): warning C4305: функция: усечение из "double" в "GLfloat"
C:\Users\Ilya\Desktop\C_projects\OpenGl(StaticGraphics)\OpenGl(StaticGraphics)\main.c(214,23): warning C4305: функция: усечение из "double" в "GLclampf"
C:\Users\Ilya\Desktop\C_projects\OpenGl(StaticGraphics)\OpenGl(StaticGraphics)\main.c(214,30): warning C4305: функция: усечение из "double" в "GLclampf"
C:\Users\Ilya\Desktop\C_projects\OpenGl(StaticGraphics)\OpenGl(StaticGraphics)\main.c(214,37): warning C4305: функция: усечение из "double" в "GLclampf"
  OpenGl(StaticGraphics).vcxproj -> C:\Users\Ilya\Desktop\C_projects\OpenGl(StaticGraphics)\x64\Debug\OpenGl(StaticGraphics).exe
